E:\CODEFORGE\MATRIX\MATRIX\MATRIX\MATRIX\DEBUG\MATRIX.OBJ
E:\CODEFORGE\MATRIX\MATRIX\MATRIX\MATRIX\DEBUG\MORPHEUS.OBJ
E:\CODEFORGE\MATRIX\MATRIX\MATRIX\MATRIX\DEBUG\STDAFX.OBJ
E:\CODEFORGE\MATRIX\MATRIX\MATRIX\MATRIX\DEBUG\VC110.PDB
E:\CODEFORGE\MATRIX\MATRIX\MATRIX\DEBUG\MATRIX.ILK
E:\CODEFORGE\MATRIX\MATRIX\MATRIX\DEBUG\MATRIX.EXE
E:\CODEFORGE\MATRIX\MATRIX\MATRIX\DEBUG\MATRIX.PDB
E:\CodeForge\Matrix\matrix\Matrix\Matrix\Debug\Matrix.obj
E:\CodeForge\Matrix\matrix\Matrix\Matrix\Debug\Morpheus.obj
E:\CodeForge\Matrix\matrix\Matrix\Matrix\Debug\stdafx.obj
E:\CodeForge\Matrix\matrix\Matrix\Matrix\Debug\cl.command.1.tlog
E:\CodeForge\Matrix\matrix\Matrix\Matrix\Debug\CL.read.1.tlog
E:\CodeForge\Matrix\matrix\Matrix\Matrix\Debug\CL.write.1.tlog
E:\CodeForge\Matrix\matrix\Matrix\Matrix\Debug\link-cvtres.read.1.tlog
E:\CodeForge\Matrix\matrix\Matrix\Matrix\Debug\link-cvtres.write.1.tlog
E:\CodeForge\Matrix\matrix\Matrix\Matrix\Debug\link-rc.read.1.tlog
E:\CodeForge\Matrix\matrix\Matrix\Matrix\Debug\link-rc.write.1.tlog
E:\CodeForge\Matrix\matrix\Matrix\Matrix\Debug\link.command.1.tlog
E:\CodeForge\Matrix\matrix\Matrix\Matrix\Debug\link.read.1.tlog
E:\CodeForge\Matrix\matrix\Matrix\Matrix\Debug\link.write.1.tlog
E:\CodeForge\Matrix\matrix\Matrix\Matrix\Debug\vc110.idb
E:\CodeForge\Matrix\matrix\Matrix\Matrix\Debug\vc110.pdb
E:\CodeForge\Matrix\matrix\Matrix\Debug\Matrix.pdb
E:\CodeForge\Matrix\matrix\Matrix\Debug\Matrix.exe
E:\CodeForge\Matrix\matrix\Matrix\Debug\Matrix.ilk
